Using default last 3 days: 2026-03-16 to 2026-03-19 (Pass args to override)
Processing device Modbus RTU Registers (http://14.224.214.119:8880)...
  -> Fetching SensorType 0 (pH) at hardware ID 0...
     -> Done. Processed total ~0 modified/upserted records.
  -> Fetching SensorType 1 (Temp) at hardware ID 1...
     -> Done. Processed total ~0 modified/upserted records.
  -> Fetching SensorType 3 (TSS) at hardware ID 3...
     -> Done. Processed total ~0 modified/upserted records.
  -> Fetching SensorType 4 (Flow out 1) at hardware ID 4...
     -> Done. Processed total ~1063 modified/upserted records.
  -> Fetching SensorType 5 (Flow in 1) at hardware ID 5...
     -> Done. Processed total ~0 modified/upserted records.
  -> Fetching SensorType 6 (NH4+) at hardware ID 6...
     -> Done. Processed total ~0 modified/upserted records.
  -> Fetching SensorType 7 (Total out) at hardware ID 7...
     -> Done. Processed total ~1063 modified/upserted records.
  -> Fetching SensorType 2 (COD) at hardware ID 2...
     -> Done. Processed total ~0 modified/upserted records.
  -> Fetching SensorType 8 (Total in) at hardware ID 8...
     -> Done. Processed total ~0 modified/upserted records.
Processing device Modbus RTU Registers (http://14.224.214.175:8880)...
  -> Fetching SensorType 0 (pH) at hardware ID 0...
     -> Done. Processed total ~1064 modified/upserted records.
  -> Fetching SensorType 1 (Temp) at hardware ID 3...
     -> Done. Processed total ~1064 modified/upserted records.
  -> Fetching SensorType 3 (TSS) at hardware ID 2...
     -> Done. Processed total ~1064 modified/upserted records.
  -> Fetching SensorType 4 (Flow out 1) at hardware ID 4...
     -> Done. Processed total ~1064 modified/upserted records.
  -> Fetching SensorType 5 (Flow in 1) at hardware ID 5...
     -> Done. Processed total ~1064 modified/upserted records.
  -> Fetching SensorType 6 (NH4+) at hardware ID 6...
     -> Done. Processed total ~1064 modified/upserted records.
  -> Fetching SensorType 7 (Total out) at hardware ID 7...
     -> Done. Processed total ~1064 modified/upserted records.
  -> Fetching SensorType 2 (COD) at hardware ID 1...
     -> Done. Processed total ~1064 modified/upserted records.
  -> Fetching SensorType 8 (Total in) at hardware ID 8...
     -> Done. Processed total ~1064 modified/upserted records.
Data Fetching Completed!
